<?xml version="1.0" encoding="UTF-8"?>
<!-- Generated by org.testng.reporters.JUnitReportReporter -->
<testsuite skipped="0" hostname="USER-PC" name="DefaultPackage.PageTest" tests="1" failures="0" timestamp="21 May 2019 18:02:25 GMT" time="19.145" errors="0">
  <testcase name="testMethod1" time="19.145" classname="DefaultPackage.PageTest"/>
</testsuite> <!-- DefaultPackage.PageTest -->
